{
  "stats": {
    "suites": 1,
    "tests": 2,
    "passes": 2,
    "pending": 0,
    "failures": 0,
    "start": "2023-06-12T10:17:42.861Z",
    "end": "2023-06-12T10:18:07.303Z",
    "duration": 24442,
    "testsRegistered": 2,
    "passPercent": 100,
    "pendingPercent": 0,
    "other": 0,
    "hasOther": false,
    "skipped": 0,
    "hasSkipped": false
  },
  "results": [
    {
      "uuid": "97bf874c-49ed-41d6-a7be-d586fe0361e1",
      "title": "",
      "fullFile": "cypress\\e2e_integration\\Login_TestDemo.js",
      "file": "cypress\\e2e_integration\\Login_TestDemo.js",
      "beforeHooks": [],
      "afterHooks": [],
      "tests": [],
      "suites": [
        {
          "uuid": "fb69c26f-ac82-42c2-9859-a2207fd5274c",
          "title": "Login functionality  ",
          "fullFile": "",
          "file": "",
          "beforeHooks": [],
          "afterHooks": [],
          "tests": [
            {
              "title": "Valid login",
              "fullTitle": "Login functionality   Valid login",
              "timedOut": null,
              "duration": 8724,
              "state": "passed",
              "speed": "medium",
              "pass": true,
              "fail": false,
              "pending": false,
              "context": "{\n  \"title\": \"cypress-mochawesome-reporter-videos-passed\",\n  \"value\": \"cypress\\\\e2e_integration\\\\Login_TestDemo.js\"\n}",
              "code": "//\nsignin_obj.enterCredentials(Cypress.env(\"userId\"), Cypress.env(\"password\"));\nsignin_obj.loginPageTitle();",
              "err": {},
              "uuid": "1e0da719-1cdf-4071-a7e1-67fda6f4398d",
              "parentUUID": "fb69c26f-ac82-42c2-9859-a2207fd5274c",
              "isHook": false,
              "skipped": false
            },
            {
              "title": "Wrong Credentials",
              "fullTitle": "Login functionality   Wrong Credentials",
              "timedOut": null,
              "duration": 6089,
              "state": "passed",
              "speed": "medium",
              "pass": true,
              "fail": false,
              "pending": false,
              "context": "{\n  \"title\": \"cypress-mochawesome-reporter-videos-passed\",\n  \"value\": \"cypress\\\\e2e_integration\\\\Login_TestDemo.js\"\n}",
              "code": "//\nsignin_obj.enterCredentials(this.data.wrongPassword, this.data.wrongPassword);\nsignin_obj.validateWrongCredentials();",
              "err": {},
              "uuid": "fdac4277-a9ca-4bcd-b51b-89dbb3f9bbd1",
              "parentUUID": "fb69c26f-ac82-42c2-9859-a2207fd5274c",
              "isHook": false,
              "skipped": false
            }
          ],
          "suites": [],
          "passes": [
            "1e0da719-1cdf-4071-a7e1-67fda6f4398d",
            "fdac4277-a9ca-4bcd-b51b-89dbb3f9bbd1"
          ],
          "failures": [],
          "pending": [],
          "skipped": [],
          "duration": 14813,
          "root": false,
          "rootEmpty": false,
          "_timeout": 2000
        }
      ],
      "passes": [],
      "failures": [],
      "pending": [],
      "skipped": [],
      "duration": 0,
      "root": true,
      "rootEmpty": true,
      "_timeout": 2000
    }
  ],
  "meta": {
    "mocha": {
      "version": "7.0.1"
    },
    "mochawesome": {
      "options": {
        "quiet": false,
        "reportFilename": "mochawesome",
        "saveHtml": false,
        "saveJson": true,
        "consoleReporter": "spec",
        "useInlineDiffs": false,
        "code": true
      },
      "version": "7.1.3"
    },
    "marge": {
      "options": {
        "charts": true,
        "reportPageTitle": "custom-title",
        "embeddedScreenshots": true,
        "inlineAssets": true,
        "saveAllAttempts": false,
        "overwrite": false,
        "html": false,
        "json": true,
        "reportDir": "cypress\\reports\\html\\.jsons"
      },
      "version": "6.2.0"
    }
  }
}